2019-05-08_21:16:06 wzGarage_Rollade 20
2019-05-08_21:16:06 wzGarage_Rollade position: 20
2019-05-08_21:16:06 wzGarage_Rollade exact: 15.7894736842105
2019-05-08_21:16:09 wzGarage_Rollade 30
2019-05-08_21:16:09 wzGarage_Rollade position: 30
2019-05-08_21:16:09 wzGarage_Rollade exact: 31.5263157894737
2019-05-08_21:16:12 wzGarage_Rollade 50
2019-05-08_21:16:12 wzGarage_Rollade position: 50
2019-05-08_21:16:12 wzGarage_Rollade exact: 47.2631578947368
2019-05-08_21:16:15 wzGarage_Rollade 60
2019-05-08_21:16:15 wzGarage_Rollade position: 60
2019-05-08_21:16:15 wzGarage_Rollade exact: 63
2019-05-08_21:16:18 wzGarage_Rollade 80
2019-05-08_21:16:18 wzGarage_Rollade position: 80
2019-05-08_21:16:18 wzGarage_Rollade exact: 78.7368421052632
2019-05-08_21:16:21 wzGarage_Rollade 90
2019-05-08_21:16:21 wzGarage_Rollade position: 90
2019-05-08_21:16:21 wzGarage_Rollade exact: 94.4736842105263
2019-05-08_21:16:24 wzGarage_Rollade down
2019-05-08_21:16:24 wzGarage_Rollade position: 150
2019-05-08_21:16:24 wzGarage_Rollade exact: 143.111111111111
2019-05-08_21:16:26 wzGarage_Rollade closed
2019-05-08_21:16:26 wzGarage_Rollade position: 200
2019-05-08_21:16:26 wzGarage_Rollade exact: 200
